kHz
         ▃     ▅▁▁▁▂▁ ▃  ▁ ▁▆  ▁▁▁▂▁▁▆   ▁ ▁▂▁▂▂▂▂▄ ▅▂▂▃▃ ▁▁▁▄▂▄▁▂▂▂▁▁ ▁▁▁       18.0
         ▂     ▆▁▁▁▂▁ ▃  ▁  ▅  ▁▂▂▂▁▂▇   ▁ ▃▂ ▁▁▁▂▄▁▅▂▂▂▂  ▁▁▄▃▄▁▂▃   ▁▁▁ ▁      17.6
         ▃▁    ▆▁▁ ▁  ▃  ▁▁ ▇▁ ▂▃▂▁▁▂▇     ▃   ▁▁▁▃▁▄▂▃▂ ▁ ▁▂▅▃▅▁▂▁▁    ▁ ▁   ▁  17.1
         ▃     ▇▁▁ ▁  ▃  ▂▁ █  ▂▃▂ ▁▁▆   ▁ ▂▁▁ ▁▁▁▁▁▃▂▂▂ ▁ ▂▂▄▄▅ ▃▂▁▂▁   ▁       16.7
         ▂     ▇▂▁ ▁▁▁▂  ▁      ▂▂▁▁▁▅   ▁ ▂▁ ▁▁▁ ▂ ▃▂▂▃▁▂ ▁▄▄▄▅ ▃▃▁▃▂ ▁▁▁       16.2
         ▂     ▇▁▁▁▂  ▂  ▁  █▁▁ ▁▁▁▁▁▃   ▁ ▁▂▁▁▁ ▂▂ ▃▁▁▄▁▂ ▁▃▄▁▅ ▃▃ ▂▂ ▁     ▁   15.8
         ▂    ▁▇▁▂▁▁  ▁  ▁  ▇▂▁ ▁▁▂▁▂▂     ▁▂▁▂▁▁▂▃ ▄▁▁▄▁▂ ▁▁▂▂▅ ▂▃ ▁▂ ▁▂        15.3
         ▁    ▁▇▁▂▁▁▁ ▁  ▁ ▁▅▂▁▁  ▂▁▁▁     ▁▁ ▂▁▁▂▄ ▄▁ ▄ ▁  ▁▁▂▅▁▂▂  ▁ ▁         14.8
         ▁    ▂█▁▂▁▁  ▁  ▁ ▁▄▁▁▂  ▁▁ ▂     ▁▁▁▂▁▁▃▆ ▅▁ ▄ ▁  ▁▁▂▆▁▂      ▁        14.4
         ▁    ▂█▁▂▁▁   ▁ ▁ ▁▅ ▁▂▁  ▂ ▂    ▁▁  ▂▁▂▃▆▁▆▁▁▃  ▁ ▂▂▄▆ ▂▁          ▁   14.0
         ▁    ▂▇▁▂▁ ▁▁▁▁   ▁▄▁▁▃▁▁▁▂ ▃    ▁▁  ▂▂ ▃▇▁▆▁▂▂  ▁ ▂▃▄▇ ▃▂▁ ▁ ▁▁        13.5
         ▂    ▁▆▁▂▁  ▁▁    ▁▂▁▁▃▁▁▂▃▁▅   ▁▁▁  ▂▁▁▂▇▁▆ ▂▂  ▁▁▁▅▄▇ ▁▁▁▁▁ ▂▁        13.0
  ▁      ▃    ▁▅▁▂▁▁  ▂   ▁▁▂▁ ▃ ▁▂▃ ▅     ▁▁▁▁▂ ▁▇ ▆ ▁▂ ▁ ▁▁▆▄▇▁ ▁▁▁▁ ▁▁        12.6
         ▃    ▁▅ ▂ ▁  ▂   ▁ ▃▁ ▂ ▁▁▃ ▆     ▁ ▁ ▁▁▁▇ ▆ ▁▁ ▂▁ ▁▆▄▇  ▁▁▁  ▂▁        12.2
         ▃    ▁▄ ▂ ▂  ▂  ▁▁ ▃▂ ▁▁  ▂ ▆     ▁▁▁ ▁▁▂█ ▅  ▁ ▂▁ ▁▆▄▆▁▁▁▂ ▁ ▂     ▁   11.7
         ▃    ▁▄ ▂ ▂  ▁▁ ▁▁ ▃▂  ▁▁▁▂ ▅     ▁ ▁ ▂▁▂█ ▄▁▁▁ ▁▁  ▅▃▆▁▁▂▂▁▁ ▁▁    ▁   11.2
         ▁     ▃ ▁ ▂▁ ▁     ▂▂▁▁▁▁▁▁▁▅   ▁ ▁ ▁ ▁▁▂█ ▃▁▁▁ ▁  ▁▅▂▆▁▁▁▁▂▁   ▁       10.8
         ▁    ▁▁ ▁▁▂▁▁▂  ▁ ▁▂▁▁▂▁▁▂  ▅   ▁ ▁ ▁▁▁▁▁█ ▂▁▁▂   ▁▁▅▁▅ ▁ ▂▃▂   ▁    ▁  10.3
              ▁▁  ▁▂ ▁▂    ▂▃ ▁▂ ▁▁  ▅     ▁▁  ▁▁▁█▁▂▂ ▂    ▁▄▁▅ ▂ ▁▂▂    ▁      9.9
              ▁▁  ▁▂ ▁▂  ▁ ▂▄ ▁▂  ▁▁▁▅     ▂▁  ▁▂▁▇▁▁▂▁▃    ▁▄▃▅ ▂▂▂ ▂ ▁▁▁       9.5
         ▁     ▁  ▁▂ ▁▂  ▁ ▂▅▁▁▂▁  ▁ ▄     ▂   ▁▁▁▆▁ ▂▂▄  ▁ ▁▄▄▄ ▂▁▁ ▁  ▁        9.0
         ▁     ▁   ▂  ▂  ▁ ▁▅▁▁▂▂▁ ▂ ▂     ▂▁ ▁▁ ▁▅▁▁▂▁▅    ▂▃▅▄ ▃     ▁         8.5
         ▂     ▂  ▁▂▁▁▂  ▁ ▁▅▁▁▁▂▁▁▂ ▂     ▂▁▁ ▁ ▁▄▁▂▂▁▅    ▃▄▅▄ ▂  ▁▁  ▁▁       8.1
         ▂     ▂ ▁ ▂▁▁▃▁ ▁ ▁▆▁▁ ▂▁▂▂▁▂     ▃▂▁▁▁  ▃ ▃▂ ▅▁   ▃▃▄▃ ▂▁▁▁▂ ▁ ▁       7.6
         ▁    ▁▃ ▁ ▂▁ ▃▁ ▁▁ ▇▁▁ ▂▁▁▂▁▃     ▂▂ ▁▁▁ ▂ ▃▂ ▄▁  ▁▂▂▃▂▁▂▁▁▁▂  ▁        7.2
         ▁    ▁▄ ▁ ▂▁ ▃▁ ▁  ▇▁  ▁  ▁ ▅     ▁▂  ▁  ▁ ▃▁ ▃▂  ▁▁▁▃▂▁▂▁▁▁▂           6.8
         ▁     ▅ ▁ ▁▁▁▂▁ ▁ ▁▆▁  ▁ ▁▁ ▆      ▁  ▁▂   ▄▁ ▁▂  ▂  ▃▂▁▁▁ ▁▁  ▁        6.3
        ▁▁   ▁ ▅▁▁ ▁▁ ▂▁ ▁ ▁▆   ▁ ▁▂▁▆     ▁   ▁▁  ▁▅▁▁▁▂  ▂ ▁▁▁▂▁▁▁     ▁       5.9
        ▁▁   ▁ ▅ ▁▁▁▁ ▂▁   ▁▆▁ ▁▁ ▂▂▂▅     ▁▁  ▁▁  ▁▆▁▁▁▁  ▁ ▁▁▃▁▁▁▂▁    ▁       5.4
         ▁     ▆  ▁▁▁ ▂     ▅▁ ▁▁▁▂▃▁▅    ▁▂▁   ▁▁▁▁▆▁▁   ▁▁ ▂▁▄▁▁▁              5.0
         ▁     ▅  ▁▁▁ ▁  ▁  ▅▁ ▂  ▂▃▁▃     ▁▁   ▁▁  ▆▁▁▁ ▁▁▁▁▂▁▄▁▁▁▂▁▁           4.5
         ▁     ▆  ▁ ▁ ▁  ▁  ▄  ▁ ▁▁▃ ▂      ▁ ▁▁▁▂  ▆▁ ▁▁▁▁  ▃▂▆ ▁▂▂▂▂  ▁        4.0
         ▁     ▆  ▁  ▁▁▁ ▁  ▄  ▁ ▁▁▂▁▁        ▁▁▂▂ ▁▆ ▁▁▂▁▁ ▁▄ ▇ ▁▂ ▁▂   ▁       3.6
               ▅▁ ▁   ▁  ▁  ▄  ▁ ▁▁▁▁▁        ▁▁▂▂▂▁▅▁▁▁▁▁  ▂▄ ▇ ▂▂  ▁  ▁▁       3.1
               ▅▁ ▁   ▂  ▁▁ ▄  ▁ ▂▁ ▁▁    ▁▁  ▁▁ ▂▃▂▅ ▁▂▁   ▂▅▁▇▁▂▁ ▁            2.7
               ▄▁ ▂   ▂  ▁▁ ▃  ▁▁▁▂       ▁▁ ▁▁▁▁▂▄▂▄ ▁▂   ▁▂▅▁▇▁▂▁▁▁   ▁        2.2
               ▃▁ ▁   ▂  ▁▁ ▂   ▁▁▂       ▁▁ ▁ ▁ ▂▅▁▄ ▁▂   ▁▂▄▁▆▁▂▁▂▁▁           1.8
               ▃ ▁▁▁  ▂    ▁▂▁ ▂▁▁▁▁▁▁     ▁   ▁ ▁▆▁▃ ▁▂   ▁▂▄▁▆▁▂▂▂ ▁           1.3
               ▂ ▁▁▁  ▂  ▁ ▁▂▁▁▁▁  ▁▁▁     ▁ ▁  ▁ ▆ ▃ ▁▂   ▁▁▃ ▅▂▂▂▂ ▁           0.9
               ▁  ▁▁  ▂    ▁▂ ▁   ▁▁ ▁     ▁   ▁▁▁▆ ▃ ▁▂  ▁▁▁▂▁▅▁▂▃▁▁▁           0.5
--------------------------------------------------------------------------------
0s                                                                          964.
