kHz
 ▁  ▁▁▂▁▂▁ ▂▁▁▁  ▁▂ ▁▁▂  ▁▁▂▁▃▂▁▅▄▂▁▃▁▁▁▂▁▁▁ ▄ ▄▁  ▂▃▂▃▅▃▃▂▁▁▁  ▁  ▁      ▃▅▁▁▂▁▂▁▂▁▂ ▃ █▁▁▁▄▂▂▁▁▁ ▅▂▆▄▁▂▁▃▂▇▂▃▁▁▁▆▁ ▂▂▂ 12.0
    ▂▂ ▂▃▁ ▂ ▁▁ ▁▁▁  ▁▂▁  ▂▃▁▂▂ ▃▃▁▁▃ ▁▁ ▁▁▂▁▄ ▃▁ ▁▁▂▄▃▁▄▁▂▁  ▁▁  ▁  ▁    ▃▃▂ ▃▃▃▁  ▁▁▁▁▆▂▂▁▁▂▁▁▁▁▂▃▁█▂ ▃▁▄▃▃▂▃▃ ▂▇  ▅▂▂ 11.7
 ▁ ▁▁▂▁▁▄▁ ▃ ▂  ▂▂▁   ▂▂  ▂▃▂▂▁▄▄   ▁▁▁▃▁▂▁▁▂▃▁▃▁ ▄  ▄▁▁▅▁▁▁▂▁▁▁     ▂  ▁ ▁▁▃▁▃▁▂▁ ▁▁▂ ▁▅ ▁  ▁ ▁▂▂▁▆▂█▂▂▁ ▃▃▂▁▃▂ ▃ ▂ ▅▃▁ 11.4
   ▁ ▁  ▂▁ ▂ ▁  ▂▃  ▁ ▁▂ ▁ ▃▁▁ ▃▄▁▁▁▃▁▁▂▂▁▁▃▄▂▂▂ ▂▃▁▁▂▁▃▂▁▁▁▁▁       ▁  ▁  ▁▁▁▂▁▃ ▁▁▃▂▁▂▆▁▂▁▁▁ ▁▄▁▁▃▁▇▁▃▂▂▃▂▁ ▂▂ ▃▅▂▁▅▃▂ 11.1
     ▁▁▁▁  ▁ ▁▁ ▃▁  ▁ ▁▁ ▁ ▂▂▁▁▁▂▁▁▁▄▁▁▁▁▁ ▃▁▁▂▁▁▁▂▁▃▄▃▁▁▂▁▃ ▁▁   ▁       ▁ ▁  ▃▄▂▁▁▁ ▂▂▂▁▃▂  ▂▁▆▁  ▁▅▁▂▁▁▁▁▃ ▁▂ ▂▇▄▂▅▃▁ 10.8
     ▁▁▁▃▃ ▁ ▁  ▂▃    ▁  ▃▁ ▃▁ ▂▂▃▂▁▃▂▂▁ ▁ ▁   ▁ ▁ ▂▄▅▁▂▁▁▁▆  ▂   ▁▁   ▁  ▂ ▂▁▁▃▄▄▁▂ ▂▃▁▄▁▂▃▁▂▄▁▃▁▃▁▁▄▁▄▃▂▁▂▃▂▁▂▁▁▇▅▂▄▁▁ 10.5
     ▁▁▁▃▄ ▁▁▁  ▂▂▁   ▁  ▂▁▂▂▃ ▁▂▃▁▁▃▂▁▁ ▁ ▁ ▁ ▁▁▃▃▃▅▄▃▂▁▂▁▄  ▁    ▂   ▁▁ ▃▄▃▂▁▁▄▃▁▃▁▁▄▁▄▁ ▂▂▃▆▃▁▁▄ ▂▃ ▅▄▃▁▂▁▁▂▁▁ ▅▄▁▃▂▂ 10.2
 ▁   ▃▂▂▁▃ ▁ ▂  ▁▁▁   ▁ ▂ ▂▁▁▂▁▂▁▄▃ ▂▂▁▁ ▁ ▂▂▃ ▁ ▁▁▂▄▂▂▄▁▁ ▄▁  ▁   ▁    ▁ ▂▄▃▂▁ ▆▂▁▃▁ ▃▂▃▁▁▃▃▂▅▄▂▁▃▁▁ ▂▄▃▅▃▂▁▁▃▁▁ ▅▄▂▂▃▁ 9.9
     ▁▄ ▁▆ ▁ ▂  ▁▂▂ ▁  ▁▄▁ ▁▁▂▁▄▁▃▁▁▁▃▁▁▂▂▁▁▄▃ ▂▂▂▂▃▃ ▁▃▁  ▄        ▁  ▁▁ ▁▃▃▁▃▁▅▁▁▅▁▁▃▁▂▃▁▃▃ ▃▄▃▂▄▂▂▁▁▆ ▇▂▂▂▁▂   ▁▃  ▃  9.6
      ▁▁▁▄ ▁▁▁ ▁▁▁▂ ▂ ▁ ▄▄▃▁▃▁▂▃▂▂▁ ▁▃▁▁▁▂ ▁▂▄ ▃▃▁▂▁▄▁▁ ▁▁▁▄▁ ▁     ▁▁     ▂▃▁▂ ▃▁▁▅▂▂▃▂▃▅▂▂▁▂▂▃▁▁▃ ▁▁▁▃ ▄▂▃▃▂▁  ▁▂▃ ▂▂  9.3
  ▁▁ ▂▁▂▁▂ ▁   ▁▁▁▂ ▂▁▁▁▂▃▂▁▃▁▂▄  ▁  ▃ ▁▁▁ ▁▁▄ ▂▃▂▃▁▆▂▁ ▂▂▂▃ ▁     ▁   ▁   ▄▂▁▃▂▂▂▁▄▁▁▃ ▄▃▁▁▁▂▁▂▃▁▂▁ ▂▂▂▁▂▄▃▃▁   ▂▅  ▂▁▁ 9.0
  ▁▁ ▄▁▃ ▁ ▁▁▁ ▁▁▁▂ ▂▁▁▂▁▁▁▂▂▁▃▃▁▁▁▁▁▂ ▂▁▁ ▁ ▃ ▃▃▁▁▂▇▁▂  ▂▁▂  ▁   ▁▁  ▁▁  ▂▆ ▁▅▄▁▂ ▄▁▁▂ ▂▂▂ ▁▁ ▁▁▁▂▂▂▄▃ ▁▁▄▂▂▁▁▁ ▂▂▁ ▂ ▁ 8.7
  ▁▁ ▃▁▃▁▂ ▁▁  ▁ ▁▂ ▂▁▁▁▁▁▁▂ ▁▂▁▁▁▁▁▁▁ ▂▂ ▁▂▂▂ ▃▃▂▁▁█▂▁▁ ▁▁▁▁ ▁▁  ▁▁  ▂▁  ▃▆▁▁▄▄▁▁ ▃▁▁▁ ▂▁▁▁ ▁▁▂▁▂▁▂▂▄▄▁▁▁▂▁▁▃▂▂ ▁▃▁ ▃   8.4
  ▁▁ ▃▁▁ ▁▁▁▁▁▁▁▁▂▂ ▂▂▁▃▂▂▁▂ ▁▁▁▂▁▁▁▁ ▁▁▁▁  ▄▂  ▄▁▁▁█▄▁ ▁ ▁▁▁  ▁▁     ▁▁  ▄▇▁▂▃▃▁  ▂▂▃▁▁▃ ▂▃▁▁▁▁ ▂ ▄▁▄▅▁▂▄▃ ▁▁▃▁ ▁▂▁ ▂▁▁ 8.1
  ▁  ▂▁▁▂ ▁▁▁▁▁  ▂▂ ▂▁▁▃▃▁ ▂ ▁▁▁▁▃▃▁▂ ▁▂▁▁ ▁▅▂ ▂▃▂▁▂▅▂▁ ▂▁ ▁▁   ▂ ▁▁ ▁ ▁  ▂▅▁▃▃▄▂▁  ▁▂ ▁▄▁▄▄▁▁ ▁▁▂ ▄▂▄▃▁▄▁▃▁▂▁ ▁  ▂▁ ▂ ▃ 7.8
  ▁  ▁▁ ▁▁ ▂▂ ▁  ▁▂▁▂▁▂▂▃ ▁▁▁▁▁▁▂▂▁ ▂▁▁▁▁▁ ▂▅▂  ▃▂▂ ▂▃▁▂▁  ▁▁ ▁   ▁    ▁  ▂▂▂▁▂▃▂ ▁▁ ▂ ▂▃▁▂▄▁▁▁▁▁▁ ▄▂▅▂▃▂▁▁ ▃▁▁  ▁▄  ▁▁▃ 7.5
  ▁▁ ▁▂▂▂▁ ▂▃ ▁  ▂▂ ▂ ▃▁▂▁  ▁  ▂ ▃▁▁▁▁▂▂▂▁ ▄▂▂▁ ▁▁▁▁▁▅▁▃▂▁▁▁  ▁ ▁ ▁    ▁ ▁▂▁▁▁▁ ▂ ▁▁▁▂ ▃▅ ▂▄▂▁ ▂▂▃▂▃ ▇▂▂▁▂▁▁▁▁▁  ▁▆ ▁▂▁▄ 7.2
  ▁▂ ▂▁▄▃▃ ▁▂ ▁▁▁▁▂▁▁ ▃ ▁▂▂▁▁ ▁▁▂▄▁▂ ▁▃▂▁▁ ▄▁▁ ▁▁▁▁▂▃▃▁▄▂▁▂▂   ▁▁  ▁ ▁    ▁▁ ▁  ▂▁▁ ▁▂ ▁▄▁▂▄▂    ▄▃▁▁█ ▁ ▁▁ ▁ ▁  ▂▅ ▁▃▂▄ 6.9
   ▁ ▂▁▂▂▄▁ ▂ ▁▁▁▁▂ ▁ ▃▁▁▁ ▃▁▁  ▂▃▁▁ ▁▃▂ ▂▁▁▃  ▁ ▂▂▁ ▂▂▂ ▁▃▁▁ ▁▁       ▁   ▂ ▁▁▁▁▁ ▁▁▂  ▃ ▂▃▂▁▁▁▁▃▁▁▁█▁▁  ▁ ▁▃▂▁ ▂▆▁▁▂▃▃ 6.6
     ▁▂▁▁▂ ▁▁▁▁ ▁▁▂   ▃▁  ▁▃▂▂  ▂▂▂ ▁ ▂▁▁▁▂▂▁ ▁ ▁▁▃▁▂▃▁▂▁ ▃ ▁ ▁ ▁   ▁  ▁  ▂▂▁▂▁▁▁ ▁▁ ▂ ▁▃ ▁▃▁▁ ▁▂▂▁▁▂▇▁▂▁▁ ▃ ▂  ▁▁█▂▁▁▆▂ 6.3
     ▁▁▂▂▁ ▁▁▁▁ ▁▁▁  ▁▃▂▁▁▁▅▁▂▂▂▁  ▁▁ ▃  ▂▁▂▁ ▁ ▁▂▃▁▁▃▁▁▂ ▂▁▁  ▁ ▁ ▁▁▁   ▁▄▁▂▂▁▁▁ ▁  ▁▁▁▄ ▂▂ ▁▁▃▂▁▁▁▃▆▄▁  ▂▄▂▁▂▁ ▁▄▂ ▁▅▁ 6.0
     ▂ ▃ ▁ ▁▁ ▁▁  ▁ ▁▁▂▁ ▂▁▂▁▂▃▃▁  ▁▂ ▂▁▁▂ ▂▁▁ ▁ ▁▄▁▂▁▃▁ ▂▂▁▁  ▁ ▁ ▁      ▅▂▁▂▁▁ ▂  ▁▁▂▁▁▁▃▁ ▁▂▂ ▁▂▁▃▅▂▁▁▁▂▂▂▁▃▂ ▁▅▂ ▁▅▂ 5.7
     ▁ ▁▁▁▁▂▁ ▁   ▁  ▁▁▁ ▂▁▁▁▁▃▁▁ ▁   ▂▁ ▁▁▂▁▁▁▁▁▃▄ ▂▁▁ ▁▁▃▁▁ ▁▁▁   ▁    ▁▅▃  ▁▂▁  ▃▂▁▂▃▁▁▃▁ ▁▂▂ ▂▂▁▃▅▁▁▁ ▂ ▁▂▁▄ ▁▅▂  ▂▃ 5.4
    ▁▁▁▁ ▁ ▂    ▁▁▁   ▁▁▁▂▁▁▂▁▄▂▂ ▁   ▂▁▂ ▁ ▁▁ ▁▂▂▄ ▂▁▁   ▃ ▁ ▁     ▁▁▁▁  ▄▄▁  ▂▃▁▁▃▄▂▂▄▁▃▂▂▁▁▁▂▂▂▁▁▁▆▁▁▁▁▁▁▃▂▁▅ ▂▁▃▁▁▂▁ 5.1
    ▁▁▁▁▁  ▂   ▁▁▃   ▁▁ ▂▁▂▁▂ ▅▄  ▂   ▁ ▁▁ ▂▁▁▁▁▂ ▄▁▂▁▁  ▁▁▁▁▁       ▂▁  ▁▃▃ ▁ ▁▅ ▁▂▅▃▂▃▁▁▁▂▂▃ ▁▁▂▂▁▂▅ ▁ ▂ ▂▃▁▁▅▁▃▃▃▁▃▂  4.8
     ▁▂▁ ▂ ▂ ▁ ▁▁▁   ▁▁ ▂▂▁ ▂ ▅▃▁▁▂   ▁▂▂ ▁▁▁▂  ▂▁▃▁▄▁▁  ▂ ▁▁    ▁▁▁ ▁   ▁▂▂ ▁▁▁▅  ▂▂▁▂▃▂ ▁▂▂▃  ▃▁▃▁▃▂▂▁ ▁ ▂▂▂▁▄ ▃▂▃▁▄▂▁ 4.5
   ▁ ▂▁▂ ▄ ▁▁  ▁ ▂  ▁▁ ▁▂▂▁ ▁▁▄▂ ▁▂▁▁  ▁ ▁▂ ▂▂ ▂▃▂▁▁▅▁▁ ▁▂ ▁▁▁ ▁  ▂      ▁▁▂▁ ▁▁▅▂▁▁▁▁ ▃▄▂▂▂▂▃▁▁▁ ▃ ▁▁  ▁▁▁▃▁▂▁▃ ▃▂▂ ▄▁▁ 4.2
     ▃▁▂▁▃  ▁  ▁▁▂  ▂▁ ▂▂   ▁▁▂▃▁▂  ▁  ▂ ▂▁▂▂▃ ▃▂ ▂▂▆ ▂▁  ▁▂ ▁    ▁   ▁   ▁▃▁▂ ▂▃▁▁▁▃▁ ▃▂▂▁▃▃▁▂▁▁▁▂▁▁▁ ▁▁▁ ▃▁▂▁▂ ▂▁▂ ▄▁▁ 3.9
   ▁ ▂▁▂▂▂  ▁  ▁▁▁  ▁▁ ▂▂ ▃▁ ▁▁▃▂▃ ▁▁▁ ▁  ▁▃▂▃  ▂ ▁▂▇▁▃▁  ▂▁▁  ▁▁  ▁ ▁▁ ▁▁ ▄▃▂ ▄▂▂▂▁▂▂ ▄▂ ▂▂▂ ▂▂▁▁▁▂▁▂▁▁▁  ▃▁▃▁ ▁▂▂ ▁▃▂▁ 3.6
     ▂ ▂▁▁▁ ▁▁  ▂▂  ▁  ▁▁▁▄▂▃▂ ▂ ▃  ▁ ▁ ▁▁▁▃▁▂ ▂▂▂▁▂▄▁▃ ▂ ▃▂▁  ▁     ▁   ▁ ▃▁▁▁▄▁▁▁ ▁▁ ▃▁▁ ▂▂▁▂▂▂ ▂▁ ▁  ▁▁▁▂▁▁ ▁▁▂▁ ▁▂▁▂ 3.3
     ▁▁▂  ▁ ▁▁  ▂▁  ▁    ▁▄▂▄▃ ▁▁  ▁▁ ▁▁▂▂ ▂▁▂ ▁▃▃▁▃▃▁▃ ▃▁▄▂▁ ▁ ▁          ▂  ▁▃▁  ▁▃▁ ▂▁▂▁▁▁▂▂▁  ▁▃▁▁▂▁▁▁▁ ▁▃ ▁  ▂ ▁▁▁  3.0
      ▁  ▁▁     ▁   ▁  ▁ ▁▁▁▃▂ ▁▁  ▁▁  ▁▁▁▁▂▁▁ ▁▃▁ ▄▂▂▂▁▃▂▄▂               ▂▁ ▂▂▁  ▁▁▁▁▂▂▁    ▂▁▁  ▁ ▃▁▁▁▁▁▁▂ ▁▁    ▁  ▂ 2.7
     ▂   ▂  ▁       ▂▁   ▁▁▂▁▁  ▁▁  ▁▁ ▁▁▁▁▃▁   ▃  ▁▁ ▁▁▁▁▃▁   ▁          ▁▂▁▁ ▁▁▁▁▁ ▁▁▂▁▂ ▂ ▂▁ ▁▃▁  ▅▂▁▂▂  ▂ ▁▁ ▁▁ ▁▂ ▂ 2.4
     ▃ ▁▂▃ ▁▁▁      ▂▁  ▁▃  ▁▂▁ ▁▃ ▁▁▂ ▁▁▁ ▃▂   ▄▁ ▂▂▁▃ ▂▁▃▂  ▁▁     ▁    ▁▂▁▂ ▁▁▁ ▁▂▁▁▂ ▂▁▁ ▂  ▁▄ ▁ ▄▂▁ ▁ ▁ ▁▁▁ ▁   ▃▁▁ 2.1
  ▁  ▁▁▁▂▃ ▁▁   ▁▁  ▁▂  ▁▃▁▁▁ ▁▁▁▄▁▁▁▃  ▁▁▂▂▃▁ ▁▄  ▂▃▂▄ ▁▂▂▂  ▁     ▁▁    ▃ ▁▁▁▃▁▂▂ ▁▁▁  ▃ ▂▁▁▁▁ ▄ ▁ ▃ ▁  ▂▁▂  ▁ ▁▁▂ ▄▁▂ 1.8
  ▁  ▁▁▁▂  ▁▁   ▁▁  ▁▃   ▂▁ ▁▁▁▂▂▄▁▁▁▂  ▁▁▁▁▃▁▁ ▅▁▁▂▃▁▁  ▁▂▂▂   ▁   ▁   ▁▁▂▁ ▁▁▃▁▃▁  ▁▁▁▁▃▁▂▂ ▁▂▁▃▁ ▁▅▁▂▁ ▃▁▁▁▁▁ ▁▁▂ ▃▂▁ 1.5
  ▁  ▁▁▂▃  ▁▁▂  ▂▁  ▂▃▁▁ ▁▁ ▁▂▁▂ ▄▁▁▂▁▁▁ ▁▂▁▁▁▂▂▅▂ ▂▃▁▁▁  ▁▁▁       ▁     ▁ ▁▁▁▂▂▂  ▁▁  ▁▁▁▂▂  ▄▁▃▂▁▂▄    ▁ ▁▁▁▁ ▁▃ ▁▃ ▁ 1.2
  ▁   ▁▃ ▁  ▂▂  ▂   ▁▃ ▁▁▂▂ ▁▁▁▃▁▄▁ ▁▁▂▁ ▁▃▁ ▁▂▁▄▁▁ ▂▁▂ ▁▂  ▁▁      ▁      ▁▁▂ ▂▂▁ ▂ ▂▁ ▃▁ ▃▂  ▄▁▄▂ ▃▄▁▁  ▁       ▁ ▁▂▁▁ 0.9
  ▁    ▃ ▁  ▁    ▁  ▁▂▁▂ ▃▁ ▂  ▃ ▃▁ ▁ ▂  ▁▂▁▁▁▁ ▄▁▂▁▁ ▂  ▃▁▁    ▁     ▁    ▁▁▃▁▂▁▁▁ ▁▂▁▁▃  ▃▂▁▂▃ ▄▂ ▂▅▃▁▁ ▁ ▁▂  ▁ ▁ ▁▁▁▁ 0.6
    ▁▁▁▃   ▁▁▁   ▁  ▁▁▁▁▁▂▁▁▂  ▃▁▂▁   ▂  ▁▁▁▂▁  ▃▁▂ ▁▁▁▂ ▁▁▂▂   ▁     ▁    ▁▂▃▁  ▁  ▁▁ ▁▃ ▁▃  ▃▂▁▃▃▁▁▃▁▁▁▁▁▁▂▁ ▁▁ ▁▁▁ ▁▂ 0.3
------------------------------------------------------------------------------------------------------------------------
0s                                                                                                                  1776
